2023-09-27T11:25:21.967+03:00  INFO 25647 --- [main] c.bullantus.farseeer.FarseerApplication  : Starting FarseerApplication using Java 17.0.2 with PID 25647 (/Users/nejatboy/git/farseer/farseer/target/classes started by nejatboy in /Users/nejatboy/git/farseer/farseer)
2023-09-27T11:25:21.972+03:00  INFO 25647 --- [main] c.bullantus.farseeer.FarseerApplication  : No active profile set, falling back to 1 default profile: "default"
2023-09-27T11:25:22.838+03:00  INFO 25647 --- [main] .s.d.r.c.RepositoryConfigurationDelegate : Bootstrapping Spring Data JPA repositories in DEFAULT mode.
2023-09-27T11:25:22.871+03:00  INFO 25647 --- [main] .s.d.r.c.RepositoryConfigurationDelegate : Finished Spring Data repository scanning in 25 ms. Found 0 JPA repository interfaces.
2023-09-27T11:25:23.759+03:00  INFO 25647 --- [main] o.s.b.w.embedded.tomcat.TomcatWebServer  : Tomcat initialized with port(s): 8080 (http)
2023-09-27T11:25:23.771+03:00  INFO 25647 --- [main] o.apache.catalina.core.StandardService   : Starting service [Tomcat]
2023-09-27T11:25:23.771+03:00  INFO 25647 --- [main] o.apache.catalina.core.StandardEngine    : Starting Servlet engine: [Apache Tomcat/10.1.13]
2023-09-27T11:25:23.891+03:00  INFO 25647 --- [main] o.a.c.c.C.[Tomcat].[localhost].[/]       : Initializing Spring embedded WebApplicationContext
2023-09-27T11:25:23.892+03:00  INFO 25647 --- [main] w.s.c.ServletWebServerApplicationContext : Root WebApplicationContext: initialization completed in 1865 ms
2023-09-27T11:25:24.068+03:00  INFO 25647 --- [main] o.hibernate.jpa.internal.util.LogHelper  : HHH000204: Processing PersistenceUnitInfo [name: default]
2023-09-27T11:25:24.138+03:00  INFO 25647 --- [main] org.hibernate.Version                    : HHH000412: Hibernate ORM core version 6.2.9.Final
2023-09-27T11:25:24.141+03:00  INFO 25647 --- [main] org.hibernate.cfg.Environment            : HHH000406: Using bytecode reflection optimizer
2023-09-27T11:25:24.316+03:00  INFO 25647 --- [main] o.h.b.i.BytecodeProviderInitiator        : HHH000021: Bytecode provider name : bytebuddy
2023-09-27T11:25:24.474+03:00  INFO 25647 --- [main] o.s.o.j.p.SpringPersistenceUnitInfo      : No LoadTimeWeaver setup: ignoring JPA class transformer
2023-09-27T11:25:24.494+03:00  INFO 25647 --- [main] com.zaxxer.hikari.HikariDataSource       : HikariPool-1 - Starting...
2023-09-27T11:25:24.712+03:00  INFO 25647 --- [main] com.zaxxer.hikari.pool.HikariPool        : HikariPool-1 - Added connection org.postgresql.jdbc.PgConnection@d49e8c6
2023-09-27T11:25:24.714+03:00  INFO 25647 --- [main] com.zaxxer.hikari.HikariDataSource       : HikariPool-1 - Start completed.
2023-09-27T11:25:25.012+03:00  INFO 25647 --- [main] o.h.b.i.BytecodeProviderInitiator        : HHH000021: Bytecode provider name : bytebuddy
2023-09-27T11:25:25.775+03:00  INFO 25647 --- [main] o.h.e.t.j.p.i.JtaPlatformInitiator       : HHH000490: Using JtaPlatform implementation: [org.hibernate.engine.transaction.jta.platform.internal.NoJtaPlatform]
2023-09-27T11:25:25.795+03:00  WARN 25647 --- [main] o.h.engine.jdbc.spi.SqlExceptionHelper   : SQL Warning Code: 0, SQLState: 00000
2023-09-27T11:25:25.795+03:00  WARN 25647 --- [main] o.h.engine.jdbc.spi.SqlExceptionHelper   : relation "countries" does not exist, skipping
2023-09-27T11:25:25.796+03:00  WARN 25647 --- [main] o.h.engine.jdbc.spi.SqlExceptionHelper   : SQL Warning Code: 0, SQLState: 00000
2023-09-27T11:25:25.796+03:00  WARN 25647 --- [main] o.h.engine.jdbc.spi.SqlExceptionHelper   : relation "departments" does not exist, skipping
2023-09-27T11:25:25.796+03:00  WARN 25647 --- [main] o.h.engine.jdbc.spi.SqlExceptionHelper   : SQL Warning Code: 0, SQLState: 00000
2023-09-27T11:25:25.797+03:00  WARN 25647 --- [main] o.h.engine.jdbc.spi.SqlExceptionHelper   : relation "departments" does not exist, skipping
2023-09-27T11:25:25.797+03:00  WARN 25647 --- [main] o.h.engine.jdbc.spi.SqlExceptionHelper   : SQL Warning Code: 0, SQLState: 00000
2023-09-27T11:25:25.797+03:00  WARN 25647 --- [main] o.h.engine.jdbc.spi.SqlExceptionHelper   : relation "employees" does not exist, skipping
2023-09-27T11:25:25.798+03:00  WARN 25647 --- [main] o.h.engine.jdbc.spi.SqlExceptionHelper   : SQL Warning Code: 0, SQLState: 00000
2023-09-27T11:25:25.798+03:00  WARN 25647 --- [main] o.h.engine.jdbc.spi.SqlExceptionHelper   : relation "employees" does not exist, skipping
2023-09-27T11:25:25.799+03:00  WARN 25647 --- [main] o.h.engine.jdbc.spi.SqlExceptionHelper   : SQL Warning Code: 0, SQLState: 00000
2023-09-27T11:25:25.799+03:00  WARN 25647 --- [main] o.h.engine.jdbc.spi.SqlExceptionHelper   : relation "employees" does not exist, skipping
2023-09-27T11:25:25.799+03:00  WARN 25647 --- [main] o.h.engine.jdbc.spi.SqlExceptionHelper   : SQL Warning Code: 0, SQLState: 00000
2023-09-27T11:25:25.800+03:00  WARN 25647 --- [main] o.h.engine.jdbc.spi.SqlExceptionHelper   : relation "job_histories" does not exist, skipping
2023-09-27T11:25:25.800+03:00  WARN 25647 --- [main] o.h.engine.jdbc.spi.SqlExceptionHelper   : SQL Warning Code: 0, SQLState: 00000
2023-09-27T11:25:25.800+03:00  WARN 25647 --- [main] o.h.engine.jdbc.spi.SqlExceptionHelper   : relation "job_histories" does not exist, skipping
2023-09-27T11:25:25.801+03:00  WARN 25647 --- [main] o.h.engine.jdbc.spi.SqlExceptionHelper   : SQL Warning Code: 0, SQLState: 00000
2023-09-27T11:25:25.801+03:00  WARN 25647 --- [main] o.h.engine.jdbc.spi.SqlExceptionHelper   : relation "locations" does not exist, skipping
2023-09-27T11:25:25.802+03:00  WARN 25647 --- [main] o.h.engine.jdbc.spi.SqlExceptionHelper   : SQL Warning Code: 0, SQLState: 00000
2023-09-27T11:25:25.802+03:00  WARN 25647 --- [main] o.h.engine.jdbc.spi.SqlExceptionHelper   : relation "tokens" does not exist, skipping
2023-09-27T11:25:25.804+03:00  WARN 25647 --- [main] o.h.engine.jdbc.spi.SqlExceptionHelper   : SQL Warning Code: 0, SQLState: 00000
2023-09-27T11:25:25.804+03:00  WARN 25647 --- [main] o.h.engine.jdbc.spi.SqlExceptionHelper   : table "countries" does not exist, skipping
2023-09-27T11:25:25.805+03:00  WARN 25647 --- [main] o.h.engine.jdbc.spi.SqlExceptionHelper   : SQL Warning Code: 0, SQLState: 00000
2023-09-27T11:25:25.805+03:00  WARN 25647 --- [main] o.h.engine.jdbc.spi.SqlExceptionHelper   : table "departments" does not exist, skipping
2023-09-27T11:25:25.806+03:00  WARN 25647 --- [main] o.h.engine.jdbc.spi.SqlExceptionHelper   : SQL Warning Code: 0, SQLState: 00000
2023-09-27T11:25:25.806+03:00  WARN 25647 --- [main] o.h.engine.jdbc.spi.SqlExceptionHelper   : table "employees" does not exist, skipping
2023-09-27T11:25:25.806+03:00  WARN 25647 --- [main] o.h.engine.jdbc.spi.SqlExceptionHelper   : SQL Warning Code: 0, SQLState: 00000
2023-09-27T11:25:25.806+03:00  WARN 25647 --- [main] o.h.engine.jdbc.spi.SqlExceptionHelper   : table "job_histories" does not exist, skipping
2023-09-27T11:25:25.807+03:00  WARN 25647 --- [main] o.h.engine.jdbc.spi.SqlExceptionHelper   : SQL Warning Code: 0, SQLState: 00000
2023-09-27T11:25:25.807+03:00  WARN 25647 --- [main] o.h.engine.jdbc.spi.SqlExceptionHelper   : table "jobs" does not exist, skipping
2023-09-27T11:25:25.807+03:00  WARN 25647 --- [main] o.h.engine.jdbc.spi.SqlExceptionHelper   : SQL Warning Code: 0, SQLState: 00000
2023-09-27T11:25:25.807+03:00  WARN 25647 --- [main] o.h.engine.jdbc.spi.SqlExceptionHelper   : table "locations" does not exist, skipping
2023-09-27T11:25:25.808+03:00  WARN 25647 --- [main] o.h.engine.jdbc.spi.SqlExceptionHelper   : SQL Warning Code: 0, SQLState: 00000
2023-09-27T11:25:25.808+03:00  WARN 25647 --- [main] o.h.engine.jdbc.spi.SqlExceptionHelper   : table "regions" does not exist, skipping
2023-09-27T11:25:25.808+03:00  WARN 25647 --- [main] o.h.engine.jdbc.spi.SqlExceptionHelper   : SQL Warning Code: 0, SQLState: 00000
2023-09-27T11:25:25.808+03:00  WARN 25647 --- [main] o.h.engine.jdbc.spi.SqlExceptionHelper   : table "tokens" does not exist, skipping
2023-09-27T11:25:25.809+03:00  WARN 25647 --- [main] o.h.engine.jdbc.spi.SqlExceptionHelper   : SQL Warning Code: 0, SQLState: 00000
2023-09-27T11:25:25.809+03:00  WARN 25647 --- [main] o.h.engine.jdbc.spi.SqlExceptionHelper   : table "users" does not exist, skipping
2023-09-27T11:25:25.877+03:00  INFO 25647 --- [main] j.LocalContainerEntityManagerFactoryBean : Initialized JPA EntityManagerFactory for persistence unit 'default'
2023-09-27T11:25:26.295+03:00  WARN 25647 --- [main] JpaBaseConfiguration$JpaWebConfiguration : spring.jpa.open-in-view is enabled by default. Therefore, database queries may be performed during view rendering. Explicitly configure spring.jpa.open-in-view to disable this warning
2023-09-27T11:25:27.148+03:00  INFO 25647 --- [main] o.s.s.web.DefaultSecurityFilterChain     : Will secure any request with [org.springframework.security.web.session.DisableEncodeUrlFilter@7f36cd8f, org.springframework.security.web.context.request.async.WebAsyncManagerIntegrationFilter@20040c6e, org.springframework.security.web.context.SecurityContextHolderFilter@5a5024eb, org.springframework.security.web.header.HeaderWriterFilter@2c28654e, org.springframework.security.web.authentication.logout.LogoutFilter@4ae435a3, com.bullantus.farseeer.config.JwtAuthenticationFilter@5d957cf0, org.springframework.security.web.savedrequest.RequestCacheAwareFilter@797ca322, org.springframework.security.web.servletapi.SecurityContextHolderAwareRequestFilter@c22cf4d, org.springframework.security.web.authentication.AnonymousAuthenticationFilter@cbea0df, org.springframework.security.web.session.SessionManagementFilter@4b1ad751, org.springframework.security.web.access.ExceptionTranslationFilter@45689582, org.springframework.security.web.access.intercept.AuthorizationFilter@3a22d69f]
2023-09-27T11:25:27.502+03:00  INFO 25647 --- [main] o.s.b.w.embedded.tomcat.TomcatWebServer  : Tomcat started on port(s): 8080 (http) with context path ''
2023-09-27T11:25:27.513+03:00  INFO 25647 --- [main] c.bullantus.farseeer.FarseerApplication  : Started FarseerApplication in 6.028 seconds (process running for 6.735)
2023-09-27T11:27:41.256+03:00  INFO 25647 --- [SpringApplicationShutdownHook] j.LocalContainerEntityManagerFactoryBean : Closing JPA EntityManagerFactory for persistence unit 'default'
2023-09-27T11:27:41.286+03:00  INFO 25647 --- [SpringApplicationShutdownHook] com.zaxxer.hikari.HikariDataSource       : HikariPool-1 - Shutdown initiated...
2023-09-27T11:27:41.288+03:00  INFO 25647 --- [SpringApplicationShutdownHook] com.zaxxer.hikari.HikariDataSource       : HikariPool-1 - Shutdown completed.
